==4474== Memcheck, a memory error detector
==4474== Copyright (C) 2002-2012, and GNU GPL'd, by Julian Seward et al.
==4474== Using Valgrind-3.8.1 and LibVEX; rerun with -h for copyright info
==4474== Command: ./ejemplo2
==4474== Parent PID: 1529
==4474== 
==4474== Invalid read of size 4
==4474==    at 0x40088B: main (ejemplo2.cpp:6)
==4474==  Address 0x5a1a068 is 20 bytes after a block of size 20 alloc'd
==4474==    at 0x4C2AFE7: operator new[](unsigned long) (in /usr/lib/valgrind/vgpreload_memcheck-amd64-linux.so)
==4474==    by 0x40087E: main (ejemplo2.cpp:5)
==4474== 
==4474== 
==4474== HEAP SUMMARY:
==4474==     in use at exit: 20 bytes in 1 blocks
==4474==   total heap usage: 1 allocs, 0 frees, 20 bytes allocated
==4474== 
==4474== 20 bytes in 1 blocks are definitely lost in loss record 1 of 1
==4474==    at 0x4C2AFE7: operator new[](unsigned long) (in /usr/lib/valgrind/vgpreload_memcheck-amd64-linux.so)
==4474==    by 0x40087E: main (ejemplo2.cpp:5)
==4474== 
==4474== LEAK SUMMARY:
==4474==    definitely lost: 20 bytes in 1 blocks
==4474==    indirectly lost: 0 bytes in 0 blocks
==4474==      possibly lost: 0 bytes in 0 blocks
==4474==    still reachable: 0 bytes in 0 blocks
==4474==         suppressed: 0 bytes in 0 blocks
==4474== 
==4474== For counts of detected and suppressed errors, rerun with: -v
==4474== ERROR SUMMARY: 2 errors from 2 contexts (suppressed: 2 from 2)
