==4117== Memcheck, a memory error detector
==4117== Copyright (C) 2002-2012, and GNU GPL'd, by Julian Seward et al.
==4117== Using Valgrind-3.8.1 and LibVEX; rerun with -h for copyright info
==4117== Command: ./ejemplo1
==4117== Parent PID: 1529
==4117== 
==4117== Conditional jump or move depends on uninitialised value(s)
==4117==    at 0x4EBCEF0: std::ostreambuf_iterator<char, std::char_traits<char> > std::num_put<char, std::ostreambuf_iterator<char, std::char_traits<char> > >::_M_insert_int<long>(std::ostreambuf_iterator<char, std::char_traits<char> >, std::ios_base&, char, long) const (in /usr/lib/x86_64-linux-gnu/libstdc++.so.6.0.18)
==4117==    by 0x4EBD4BC: std::num_put<char, std::ostreambuf_iterator<char, std::char_traits<char> > >::do_put(std::ostreambuf_iterator<char, std::char_traits<char> >, std::ios_base&, char, long) const (in /usr/lib/x86_64-linux-gnu/libstdc++.so.6.0.18)
==4117==    by 0x4EC8FAD: std::ostream& std::ostream::_M_insert<long>(long) (in /usr/lib/x86_64-linux-gnu/libstdc++.so.6.0.18)
==4117==    by 0x400943: main (ejemplo1.cpp:6)
==4117==  Uninitialised value was created by a stack allocation
==4117==    at 0x40092D: main (ejemplo1.cpp:4)
==4117== 
==4117== Use of uninitialised value of size 8
==4117==    at 0x4EBCDD3: ??? (in /usr/lib/x86_64-linux-gnu/libstdc++.so.6.0.18)
==4117==    by 0x4EBCF17: std::ostreambuf_iterator<char, std::char_traits<char> > std::num_put<char, std::ostreambuf_iterator<char, std::char_traits<char> > >::_M_insert_int<long>(std::ostreambuf_iterator<char, std::char_traits<char> >, std::ios_base&, char, long) const (in /usr/lib/x86_64-linux-gnu/libstdc++.so.6.0.18)
==4117==    by 0x4EBD4BC: std::num_put<char, std::ostreambuf_iterator<char, std::char_traits<char> > >::do_put(std::ostreambuf_iterator<char, std::char_traits<char> >, std::ios_base&, char, long) const (in /usr/lib/x86_64-linux-gnu/libstdc++.so.6.0.18)
==4117==    by 0x4EC8FAD: std::ostream& std::ostream::_M_insert<long>(long) (in /usr/lib/x86_64-linux-gnu/libstdc++.so.6.0.18)
==4117==    by 0x400943: main (ejemplo1.cpp:6)
==4117==  Uninitialised value was created by a stack allocation
==4117==    at 0x40092D: main (ejemplo1.cpp:4)
==4117== 
==4117== Conditional jump or move depends on uninitialised value(s)
==4117==    at 0x4EBCDDF: ??? (in /usr/lib/x86_64-linux-gnu/libstdc++.so.6.0.18)
==4117==    by 0x4EBCF17: std::ostreambuf_iterator<char, std::char_traits<char> > std::num_put<char, std::ostreambuf_iterator<char, std::char_traits<char> > >::_M_insert_int<long>(std::ostreambuf_iterator<char, std::char_traits<char> >, std::ios_base&, char, long) const (in /usr/lib/x86_64-linux-gnu/libstdc++.so.6.0.18)
==4117==    by 0x4EBD4BC: std::num_put<char, std::ostreambuf_iterator<char, std::char_traits<char> > >::do_put(std::ostreambuf_iterator<char, std::char_traits<char> >, std::ios_base&, char, long) const (in /usr/lib/x86_64-linux-gnu/libstdc++.so.6.0.18)
==4117==    by 0x4EC8FAD: std::ostream& std::ostream::_M_insert<long>(long) (in /usr/lib/x86_64-linux-gnu/libstdc++.so.6.0.18)
==4117==    by 0x400943: main (ejemplo1.cpp:6)
==4117==  Uninitialised value was created by a stack allocation
==4117==    at 0x40092D: main (ejemplo1.cpp:4)
==4117== 
==4117== Conditional jump or move depends on uninitialised value(s)
==4117==    at 0x4EBCF45: std::ostreambuf_iterator<char, std::char_traits<char> > std::num_put<char, std::ostreambuf_iterator<char, std::char_traits<char> > >::_M_insert_int<long>(std::ostreambuf_iterator<char, std::char_traits<char> >, std::ios_base&, char, long) const (in /usr/lib/x86_64-linux-gnu/libstdc++.so.6.0.18)
==4117==    by 0x4EBD4BC: std::num_put<char, std::ostreambuf_iterator<char, std::char_traits<char> > >::do_put(std::ostreambuf_iterator<char, std::char_traits<char> >, std::ios_base&, char, long) const (in /usr/lib/x86_64-linux-gnu/libstdc++.so.6.0.18)
==4117==    by 0x4EC8FAD: std::ostream& std::ostream::_M_insert<long>(long) (in /usr/lib/x86_64-linux-gnu/libstdc++.so.6.0.18)
==4117==    by 0x400943: main (ejemplo1.cpp:6)
==4117==  Uninitialised value was created by a stack allocation
==4117==    at 0x40092D: main (ejemplo1.cpp:4)
==4117== 
==4117== 
==4117== HEAP SUMMARY:
==4117==     in use at exit: 0 bytes in 0 blocks
==4117==   total heap usage: 0 allocs, 0 frees, 0 bytes allocated
==4117== 
==4117== All heap blocks were freed -- no leaks are possible
==4117== 
==4117== For counts of detected and suppressed errors, rerun with: -v
==4117== ERROR SUMMARY: 4 errors from 4 contexts (suppressed: 2 from 2)
