This is pdfTeX, Version 3.1415926-2.5-1.40.14 (TeX Live 2013/Debian) (format=pdflatex 2013.11.28)  10 APR 2014 15:08
entering extended mode
 \write18 enabled.
 %&-line parsing enabled.
**valgrind.tex
(./valgrind.tex
LaTeX2e <2011/06/27>
Babel <3.9f> and hyphenation patterns for 78 languages loaded.
(/usr/share/texlive/texmf-dist/tex/latex/base/article.cls
Document Class: article 2007/10/19 v1.4h Standard LaTeX document class
(/usr/share/texlive/texmf-dist/tex/latex/base/size11.clo
File: size11.clo 2007/10/19 v1.4h Standard LaTeX file (size option)
)
\c@part=\count79
\c@section=\count80
\c@subsection=\count81
\c@subsubsection=\count82
\c@paragraph=\count83
\c@subparagraph=\count84
\c@figure=\count85
\c@table=\count86
\abovecaptionskip=\skip41
\belowcaptionskip=\skip42
\bibindent=\dimen102
)
(/usr/share/texlive/texmf-dist/tex/latex/amsfonts/amssymb.sty
Package: amssymb 2013/01/14 v3.01 AMS font symbols

(/usr/share/texlive/texmf-dist/tex/latex/amsfonts/amsfonts.sty
Package: amsfonts 2013/01/14 v3.01 Basic AMSFonts support
\@emptytoks=\toks14
\symAMSa=\mathgroup4
\symAMSb=\mathgroup5
LaTeX Font Info:    Overwriting math alphabet `\mathfrak' in version `bold'
(Font)                  U/euf/m/n --> U/euf/b/n on input line 106.
))
(/usr/share/texlive/texmf-dist/tex/latex/amsmath/amsmath.sty
Package: amsmath 2013/01/14 v2.14 AMS math features
\@mathmargin=\skip43

For additional information on amsmath, use the `?' option.
(/usr/share/texlive/texmf-dist/tex/latex/amsmath/amstext.sty
Package: amstext 2000/06/29 v2.01

(/usr/share/texlive/texmf-dist/tex/latex/amsmath/amsgen.sty
File: amsgen.sty 1999/11/30 v2.0
\@emptytoks=\toks15
\ex@=\dimen103
))
(/usr/share/texlive/texmf-dist/tex/latex/amsmath/amsbsy.sty
Package: amsbsy 1999/11/29 v1.2d
\pmbraise@=\dimen104
)
(/usr/share/texlive/texmf-dist/tex/latex/amsmath/amsopn.sty
Package: amsopn 1999/12/14 v2.01 operator names
)
\inf@bad=\count87
LaTeX Info: Redefining \frac on input line 210.
\uproot@=\count88
\leftroot@=\count89
LaTeX Info: Redefining \overline on input line 306.
\classnum@=\count90
\DOTSCASE@=\count91
LaTeX Info: Redefining \ldots on input line 378.
LaTeX Info: Redefining \dots on input line 381.
LaTeX Info: Redefining \cdots on input line 466.
\Mathstrutbox@=\box26
\strutbox@=\box27
\big@size=\dimen105
LaTeX Font Info:    Redeclaring font encoding OML on input line 566.
LaTeX Font Info:    Redeclaring font encoding OMS on input line 567.
\macc@depth=\count92
\c@MaxMatrixCols=\count93
\dotsspace@=\muskip10
\c@parentequation=\count94
\dspbrk@lvl=\count95
\tag@help=\toks16
\row@=\count96
\column@=\count97
\maxfields@=\count98
\andhelp@=\toks17
\eqnshift@=\dimen106
\alignsep@=\dimen107
\tagshift@=\dimen108
\tagwidth@=\dimen109
\totwidth@=\dimen110
\lineht@=\dimen111
\@envbody=\toks18
\multlinegap=\skip44
\multlinetaggap=\skip45
\mathdisplay@stack=\toks19
LaTeX Info: Redefining \[ on input line 2665.
LaTeX Info: Redefining \] on input line 2666.
)
(/usr/share/texlive/texmf-dist/tex/latex/amscls/amsthm.sty
Package: amsthm 2004/08/06 v2.20
\thm@style=\toks20
\thm@bodyfont=\toks21
\thm@headfont=\toks22
\thm@notefont=\toks23
\thm@headpunct=\toks24
\thm@preskip=\skip46
\thm@postskip=\skip47
\thm@headsep=\skip48
\dth@everypar=\toks25
)
(/usr/share/texlive/texmf-dist/tex/latex/graphics/graphics.sty
Package: graphics 2009/02/05 v1.0o Standard LaTeX Graphics (DPC,SPQR)

(/usr/share/texlive/texmf-dist/tex/latex/graphics/trig.sty
Package: trig 1999/03/16 v1.09 sin cos tan (DPC)
)
(/usr/share/texlive/texmf-dist/tex/latex/latexconfig/graphics.cfg
File: graphics.cfg 2010/04/23 v1.9 graphics configuration of TeX Live
)
Package graphics Info: Driver file: pdftex.def on input line 91.

(/usr/share/texlive/texmf-dist/tex/latex/pdftex-def/pdftex.def
File: pdftex.def 2011/05/27 v0.06d Graphics/color for pdfTeX

(/usr/share/texlive/texmf-dist/tex/generic/oberdiek/infwarerr.sty
Package: infwarerr 2010/04/08 v1.3 Providing info/warning/error messages (HO)
)
(/usr/share/texlive/texmf-dist/tex/generic/oberdiek/ltxcmds.sty
Package: ltxcmds 2011/11/09 v1.22 LaTeX kernel commands for general use (HO)
)
\Gread@gobject=\count99
))
(/usr/share/texlive/texmf-dist/tex/latex/carlisle/scalefnt.sty)
(/usr/share/texlive/texmf-dist/tex/latex/graphics/graphicx.sty
Package: graphicx 1999/02/16 v1.0f Enhanced LaTeX Graphics (DPC,SPQR)

(/usr/share/texlive/texmf-dist/tex/latex/graphics/keyval.sty
Package: keyval 1999/03/16 v1.13 key=value parser (DPC)
\KV@toks@=\toks26
)
\Gin@req@height=\dimen112
\Gin@req@width=\dimen113
)
(/usr/share/texlive/texmf-dist/tex/generic/babel/babel.sty
Package: babel 2013/05/16 v3.9f The Babel package

(/usr/share/texlive/texmf-dist/tex/generic/babel-spanish/spanish.ldf
Language: spanish.ldf 2010/05/23 v5.0j Spanish support from the babel system

(/usr/share/texlive/texmf-dist/tex/generic/babel/babel.def
File: babel.def 2013/05/16 v3.9f Babel common definitions
\babel@savecnt=\count100
\U@D=\dimen114
)
\es@datefmt=\count101
\es@quottoks=\toks27
\es@quotdepth=\count102
Package babel Info: Making " an active character on input line 495.
Package babel Info: Making . an active character on input line 588.
Package babel Info: Making < an active character on input line 633.
Package babel Info: Making > an active character on input line 633.
Package babel Info: Making ' an active character on input line 660.
)
(/usr/share/texlive/texmf-dist/tex/generic/babel-english/english.ldf
Language: english 2012/08/20 v3.3p English support from the babel system
\l@canadian = a dialect from \language\l@american 
\l@australian = a dialect from \language\l@british 
\l@newzealand = a dialect from \language\l@british 
))
(/usr/share/texlive/texmf-dist/tex/latex/base/inputenc.sty
Package: inputenc 2008/03/30 v1.1d Input encoding file
\inpenc@prehook=\toks28
\inpenc@posthook=\toks29

(/usr/share/texlive/texmf-dist/tex/latex/ucs/utf8x.def
File: utf8x.def 2004/10/17 UCS: Input encoding UTF-8
))
(/usr/share/texlive/texmf-dist/tex/latex/ucs/ucs.sty
Package: ucs 2013/05/11 v2.2 UCS: Unicode input support

(/usr/share/texlive/texmf-dist/tex/latex/ucs/data/uni-global.def
File: uni-global.def 2013/05/13 UCS: Unicode global data
)
\uc@secondtry=\count103
\uc@combtoks=\toks30
\uc@combtoksb=\toks31
\uc@temptokena=\toks32
)
(/usr/share/texlive/texmf-dist/tex/latex/listings/listings.sty
\lst@mode=\count104
\lst@gtempboxa=\box28
\lst@token=\toks33
\lst@length=\count105
\lst@currlwidth=\dimen115
\lst@column=\count106
\lst@pos=\count107
\lst@lostspace=\dimen116
\lst@width=\dimen117
\lst@newlines=\count108
\lst@lineno=\count109
\lst@maxwidth=\dimen118

(/usr/share/texlive/texmf-dist/tex/latex/listings/lstmisc.sty
File: lstmisc.sty 2013/07/10 1.5 (Carsten Heinz)
\c@lstnumber=\count110
\lst@skipnumbers=\count111
\lst@framebox=\box29
)
(/usr/share/texlive/texmf-dist/tex/latex/listings/listings.cfg
File: listings.cfg 2013/06/27 1.5pre1 listings configuration
))
Package: listings 2013/07/10 1.5 (Carsten Heinz)

(/usr/share/texlive/texmf-dist/tex/latex/graphics/color.sty
Package: color 2005/11/14 v1.0j Standard LaTeX Color (DPC)

(/usr/share/texlive/texmf-dist/tex/latex/latexconfig/color.cfg
File: color.cfg 2007/01/18 v1.5 color configuration of teTeX/TeXLive
)
Package color Info: Driver file: pdftex.def on input line 130.
)
(/usr/share/texlive/texmf-dist/tex/latex/tools/verbatim.sty
Package: verbatim 2003/08/22 v1.5q LaTeX2e package for verbatim enhancements
\every@verbatim=\toks34
\verbatim@line=\toks35
\verbatim@in@stream=\read1
)
(/usr/share/texlive/texmf-dist/tex/latex/fancyvrb/fancyvrb.sty
Package: fancyvrb 2008/02/07

Style option: `fancyvrb' v2.7a, with DG/SPQR fixes, and firstline=lastline fix 
<2008/02/07> (tvz)
\FV@CodeLineNo=\count112
\FV@InFile=\read2
\FV@TabBox=\box30
\c@FancyVerbLine=\count113
\FV@StepNumber=\count114
\FV@OutFile=\write3
)
(/usr/share/texlive/texmf-dist/tex/latex/relsize/relsize.sty
Package: relsize 2013/03/29 ver 4.1
)
(/usr/share/texlive/texmf-dist/tex/latex/placeins/placeins.sty
Package: placeins 2005/04/18  v 2.2
)
(/usr/share/texlive/texmf-dist/tex/latex/algorithm2e/algorithm2e.sty
Package: algorithm2e 2013/01/06 v5.00 algorithms environments
\c@AlgoLine=\count115

(/usr/share/texlive/texmf-dist/tex/latex/base/ifthen.sty
Package: ifthen 2001/05/26 v1.1c Standard LaTeX ifthen package (DPC)
)
(/usr/share/texlive/texmf-dist/tex/latex/tools/xspace.sty
Package: xspace 2009/10/20 v1.13 Space after command names (DPC,MH)
)
********************************************************
Package `algorithm2e' Release 5.0 -- january 06 2013 --
- algorithm2e-announce@lirmm.fr mailing list for announcement about releases
- algorithm2e-discussion@lirmm.fr mailing list for discussion about package
subscribe by emailing sympa@lirmm.fr with 'subscribe <list> <firstname name>'
- Author: Christophe Fiorio (cfiorio@um2.fr)
********************************************************
\skiptotal=\skip49
\skiplinenumber=\skip50
\skiprule=\skip51
\skiphlne=\skip52
\skiptext=\skip53
\skiplength=\skip54
\algomargin=\skip55
\skipalgocfslide=\skip56
\algowidth=\dimen119
\inoutsize=\dimen120
\inoutindent=\dimen121
\interspacetitleruled=\dimen122
\interspacealgoruled=\dimen123
\interspacetitleboxruled=\dimen124
\algocf@inoutbox=\box31
\algocf@inputbox=\box32
\AlCapSkip=\skip57
\AlCapHSkip=\skip58
\algoskipindent=\skip59
\algocf@nlbox=\box33
\algocf@hangingbox=\box34
\algocf@untilbox=\box35
\algocf@skipuntil=\skip60
\algocf@capbox=\box36
\algoheightruledefault=\skip61
\algoheightrule=\skip62
\algotitleheightruledefault=\skip63
\algotitleheightrule=\skip64
\c@algocfline=\count116
\c@algocfproc=\count117
\c@algocf=\count118
\algocf@algoframe=\box37
\algocf@algobox=\box38
) (/usr/share/texlive/texmf-dist/tex/latex/url/url.sty
\Urlmuskip=\muskip11
Package: url 2006/04/12  ver 3.3  Verb mode for urls, etc.
)
(/usr/share/texlive/texmf-dist/tex/latex/geometry/geometry.sty
Package: geometry 2010/09/12 v5.6 Page Geometry

(/usr/share/texlive/texmf-dist/tex/generic/oberdiek/ifpdf.sty
Package: ifpdf 2011/01/30 v2.3 Provides the ifpdf switch (HO)
Package ifpdf Info: pdfTeX in PDF mode is detected.
)
(/usr/share/texlive/texmf-dist/tex/generic/oberdiek/ifvtex.sty
Package: ifvtex 2010/03/01 v1.5 Detect VTeX and its facilities (HO)
Package ifvtex Info: VTeX not detected.
)
(/usr/share/texlive/texmf-dist/tex/generic/ifxetex/ifxetex.sty
Package: ifxetex 2010/09/12 v0.6 Provides ifxetex conditional
)
\Gm@cnth=\count119
\Gm@cntv=\count120
\c@Gm@tempcnt=\count121
\Gm@bindingoffset=\dimen125
\Gm@wd@mp=\dimen126
\Gm@odd@mp=\dimen127
\Gm@even@mp=\dimen128
\Gm@layoutwidth=\dimen129
\Gm@layoutheight=\dimen130
\Gm@layouthoffset=\dimen131
\Gm@layoutvoffset=\dimen132
\Gm@dimlist=\toks36
)
(/usr/share/texlive/texmf-dist/tex/latex/minted/minted.sty
Package: minted 2011/09/17 v1.7 Yet another Pygments shim for LaTeX

(/usr/share/texmf/tex/latex/xcolor/xcolor.sty
Package: xcolor 2007/01/21 v2.11 LaTeX color extensions (UK)

(/usr/share/texlive/texmf-dist/tex/latex/latexconfig/color.cfg
File: color.cfg 2007/01/18 v1.5 color configuration of teTeX/TeXLive
)
Package xcolor Info: Driver file: pdftex.def on input line 225.
LaTeX Info: Redefining \color on input line 702.
Package xcolor Info: Model `cmy' substituted by `cmy0' on input line 1337.
Package xcolor Info: Model `hsb' substituted by `rgb' on input line 1341.
Package xcolor Info: Model `RGB' extended on input line 1353.
Package xcolor Info: Model `HTML' substituted by `rgb' on input line 1355.
Package xcolor Info: Model `Hsb' substituted by `hsb' on input line 1356.
Package xcolor Info: Model `tHsb' substituted by `hsb' on input line 1357.
Package xcolor Info: Model `HSB' substituted by `hsb' on input line 1358.
Package xcolor Info: Model `Gray' substituted by `gray' on input line 1359.
Package xcolor Info: Model `wave' substituted by `hsb' on input line 1360.
)
(/usr/share/texlive/texmf-dist/tex/latex/float/float.sty
Package: float 2001/11/08 v1.3d Float enhancements (AL)
\c@float@type=\count122
\float@exts=\toks37
\float@box=\box39
\@float@everytoks=\toks38
\@floatcapt=\box40
)
(/usr/share/texlive/texmf-dist/tex/latex/tools/calc.sty
Package: calc 2007/08/22 v4.3 Infix arithmetic (KKT,FJ)
\calc@Acount=\count123
\calc@Bcount=\count124
\calc@Adimen=\dimen133
\calc@Bdimen=\dimen134
\calc@Askip=\skip65
\calc@Bskip=\skip66
LaTeX Info: Redefining \setlength on input line 76.
LaTeX Info: Redefining \addtolength on input line 77.
\calc@Ccount=\count125
\calc@Cskip=\skip67
)
(/usr/share/texlive/texmf-dist/tex/latex/ifplatform/ifplatform.sty
Package: ifplatform 2010/10/22 v0.4 Testing for the operating system

(/usr/share/texlive/texmf-dist/tex/generic/oberdiek/pdftexcmds.sty
Package: pdftexcmds 2011/11/29 v0.20 Utility functions of pdfTeX for LuaTeX (HO
)

(/usr/share/texlive/texmf-dist/tex/generic/oberdiek/ifluatex.sty
Package: ifluatex 2010/03/01 v1.3 Provides the ifluatex switch (HO)
Package ifluatex Info: LuaTeX not detected.
)
Package pdftexcmds Info: LuaTeX not detected.
Package pdftexcmds Info: \pdf@primitive is available.
Package pdftexcmds Info: \pdf@ifprimitive is available.
Package pdftexcmds Info: \pdfdraftmode found.
)
(/usr/share/texlive/texmf-dist/tex/generic/oberdiek/catchfile.sty
Package: catchfile 2011/03/01 v1.6 Catch the contents of a file (HO)

(/usr/share/texlive/texmf-dist/tex/generic/oberdiek/etexcmds.sty
Package: etexcmds 2011/02/16 v1.5 Avoid name clashes with e-TeX commands (HO)
Package etexcmds Info: Could not find \expanded.
(etexcmds)             That can mean that you are not using pdfTeX 1.50 or
(etexcmds)             that some package has redefined \expanded.
(etexcmds)             In the latter case, load this package earlier.
))
runsystem(uname -s > "valgrind.w18")...executed.


(./valgrind.w18)
runsystem(rm -- "valgrind.w18")...executed.

)
\minted@bgbox=\box41
\minted@code=\write4
\@float@every@listing=\toks39
\c@listing=\count126
)
runsystem(which pygmentize && touch valgrind.aex)...executed.

runsystem(rm valgrind.aex)...executed.



LaTeX Warning: Unused global option(s):
    [professionalfonts].

(./valgrind.aux)
\openout1 = `valgrind.aux'.

LaTeX Font Info:    Checking defaults for OML/cmm/m/it on input line 107.
LaTeX Font Info:    ... okay on input line 107.
LaTeX Font Info:    Checking defaults for T1/cmr/m/n on input line 107.
LaTeX Font Info:    ... okay on input line 107.
LaTeX Font Info:    Checking defaults for OT1/cmr/m/n on input line 107.
LaTeX Font Info:    ... okay on input line 107.
LaTeX Font Info:    Checking defaults for OMS/cmsy/m/n on input line 107.
LaTeX Font Info:    ... okay on input line 107.
LaTeX Font Info:    Checking defaults for OMX/cmex/m/n on input line 107.
LaTeX Font Info:    ... okay on input line 107.
LaTeX Font Info:    Checking defaults for U/cmr/m/n on input line 107.
LaTeX Font Info:    ... okay on input line 107.
 (/usr/share/texlive/texmf-dist/tex/context/base/supp-pdf.mkii
[Loading MPS to PDF converter (version 2006.09.02).]
\scratchcounter=\count127
\scratchdimen=\dimen135
\scratchbox=\box42
\nofMPsegments=\count128
\nofMParguments=\count129
\everyMPshowfont=\toks40
\MPscratchCnt=\count130
\MPscratchDim=\dimen136
\MPnumerator=\count131
\makeMPintoPDFobject=\count132
\everyMPtoPDFconversion=\toks41
) (/usr/share/texlive/texmf-dist/tex/latex/oberdiek/epstopdf-base.sty
Package: epstopdf-base 2010/02/09 v2.5 Base part for package epstopdf

(/usr/share/texlive/texmf-dist/tex/latex/oberdiek/grfext.sty
Package: grfext 2010/08/19 v1.1 Manage graphics extensions (HO)

(/usr/share/texlive/texmf-dist/tex/generic/oberdiek/kvdefinekeys.sty
Package: kvdefinekeys 2011/04/07 v1.3 Define keys (HO)
))
(/usr/share/texlive/texmf-dist/tex/latex/oberdiek/kvoptions.sty
Package: kvoptions 2011/06/30 v3.11 Key value format for package options (HO)

(/usr/share/texlive/texmf-dist/tex/generic/oberdiek/kvsetkeys.sty
Package: kvsetkeys 2012/04/25 v1.16 Key value parser (HO)
))
Package grfext Info: Graphics extension search list:
(grfext)             [.png,.pdf,.jpg,.mps,.jpeg,.jbig2,.jb2,.PNG,.PDF,.JPG,.JPE
G,.JBIG2,.JB2,.eps]
(grfext)             \AppendGraphicsExtensions on input line 452.

(/usr/share/texlive/texmf-dist/tex/latex/latexconfig/epstopdf-sys.cfg
File: epstopdf-sys.cfg 2010/07/13 v1.3 Configuration of (r)epstopdf for TeX Liv
e
))
(/usr/share/texlive/texmf-dist/tex/latex/ucs/ucsencs.def
File: ucsencs.def 2011/01/21 Fixes to fontencodings LGR, T3
)
\c@lstlisting=\count133

*geometry* driver: auto-detecting
*geometry* detected driver: pdftex
*geometry* verbose mode - [ preamble ] result:
* driver: pdftex
* paper: a4paper
* layout: <same size as paper>
* layoutoffset:(h,v)=(0.0pt,0.0pt)
* modes: 
* h-part:(L,W,R)=(85.35826pt, 426.79135pt, 85.35826pt)
* v-part:(T,H,B)=(99.58464pt, 645.87756pt, 99.58464pt)
* \paperwidth=597.50787pt
* \paperheight=845.04684pt
* \textwidth=426.79135pt
* \textheight=645.87756pt
* \oddsidemargin=13.08827pt
* \evensidemargin=13.08827pt
* \topmargin=-9.68535pt
* \headheight=12.0pt
* \headsep=25.0pt
* \topskip=11.0pt
* \footskip=30.0pt
* \marginparwidth=50.0pt
* \marginparsep=10.0pt
* \columnsep=10.0pt
* \skip\footins=10.0pt plus 4.0pt minus 2.0pt
* \hoffset=0.0pt
* \voffset=0.0pt
* \mag=1000
* \@twocolumnfalse
* \@twosidefalse
* \@mparswitchfalse
* \@reversemarginfalse
* (1in=72.27pt=25.4mm, 1cm=28.453pt)

runsystem(pygmentize -S default -f latex > valgrind.pyg)...executed.

(./valgrind.pyg)
LaTeX Font Info:    Try loading font information for U+msa on input line 111.
 (/usr/share/texlive/texmf-dist/tex/latex/amsfonts/umsa.fd
File: umsa.fd 2013/01/14 v3.01 AMS symbols A
)
LaTeX Font Info:    Try loading font information for U+msb on input line 111.

(/usr/share/texlive/texmf-dist/tex/latex/amsfonts/umsb.fd
File: umsb.fd 2013/01/14 v3.01 AMS symbols B
)
(/usr/share/texlive/texmf-dist/tex/latex/ucs/data/uni-0.def
File: uni-0.def 2013/05/13 UCS: Unicode data U+0000..U+00FF
) (./valgrind.toc)
\tf@toc=\write5
\openout5 = `valgrind.toc'.

LaTeX Font Info:    Try loading font information for OMS+cmr on input line 131.


(/usr/share/texlive/texmf-dist/tex/latex/base/omscmr.fd
File: omscmr.fd 1999/05/25 v2.5h Standard LaTeX font definitions
)
LaTeX Font Info:    Font shape `OMS/cmr/m/n' in size <10.95> not available
(Font)              Font shape `OMS/cmsy/m/n' tried instead on input line 131.
 [1

{/var/lib/texmf/fonts/map/pdftex/updmap/pdftex.map}]
runsystem(pygmentize -l java -f latex -F tokenmerge  -F gobble:n=0        -P fu
ncnamehighlighting  -P linenos -P "verboptions= ,fontfamily=tt,baselinestretch=
1,fontsize=\relsize {+0},xleftmargin=130pt,numberblanklines,numbersep=12pt,numb
ersep=5pt,frame=none,framerule=0.4pt,framesep=2mm,tabsize=4,obeytabs=false,same
page=false,showspaces=false,showtabs=false" -o valgrind.out.pyg ./codigo/ejempl
o1.cpp)...executed.

 (./valgrind.out.pyg
LaTeX Font Info:    Font shape `OT1/cmtt/bx/n' in size <10.95> not available
(Font)              Font shape `OT1/cmtt/m/n' tried instead on input line 5.
)
runsystem(rm valgrind.out.pyg)...executed.

\openout3 = `valgrind.pyg'.

runsystem(pygmentize -l java -f latex -F tokenmerge  -F gobble:n=0        -P fu
ncnamehighlighting   -P "verboptions= ,baselinestretch=0.85,fontfamily=tt,fonts
ize=\footnotesize ,xleftmargin=0pt,numberblanklines,numbersep=12pt,numbersep=5p
t,frame=none,framerule=0.4pt,framesep=2mm,tabsize=4,obeytabs=false,showspaces=f
alse,showtabs=false" -o valgrind.out.pyg valgrind.pyg)...executed.

 (./valgrind.out.pyg
LaTeX Font Info:    Font shape `OT1/cmtt/bx/n' in size <9> not available
(Font)              Font shape `OT1/cmtt/m/n' tried instead on input line 5.
)
runsystem(rm valgrind.out.pyg)...executed.

runsystem(rm valgrind.pyg)...executed.


[2]
runsystem(pygmentize -l java -f latex -F tokenmerge  -F gobble:n=0        -P fu
ncnamehighlighting  -P linenos -P "verboptions= ,fontfamily=tt,baselinestretch=
1,fontsize=\relsize {+0},xleftmargin=130pt,numberblanklines,numbersep=12pt,numb
ersep=5pt,frame=none,framerule=0.4pt,framesep=2mm,tabsize=4,obeytabs=false,same
page=false,showspaces=false,showtabs=false" -o valgrind.out.pyg ./codigo/ejempl
o1-ok.cpp)...executed.

 (./valgrind.out.pyg)
runsystem(rm valgrind.out.pyg)...executed.

\openout3 = `valgrind.pyg'.

runsystem(pygmentize -l java -f latex -F tokenmerge  -F gobble:n=0        -P fu
ncnamehighlighting   -P "verboptions= ,baselinestretch=0.85,fontfamily=tt,fonts
ize=\footnotesize ,xleftmargin=0pt,numberblanklines,numbersep=12pt,numbersep=5p
t,frame=none,framerule=0.4pt,framesep=2mm,tabsize=4,obeytabs=false,showspaces=f
alse,showtabs=false" -o valgrind.out.pyg valgrind.pyg)...executed.

 (./valgrind.out.pyg)
runsystem(rm valgrind.out.pyg)...executed.

runsystem(rm valgrind.pyg)...executed.

runsystem(pygmentize -l java -f latex -F tokenmerge  -F gobble:n=0        -P fu
ncnamehighlighting  -P linenos -P "verboptions= ,fontfamily=tt,baselinestretch=
1,fontsize=\relsize {+0},xleftmargin=130pt,numberblanklines,numbersep=12pt,numb
ersep=5pt,frame=none,framerule=0.4pt,framesep=2mm,tabsize=4,obeytabs=false,same
page=false,showspaces=false,showtabs=false" -o valgrind.out.pyg ./codigo/usoMem
oriaLiberada/usoMemoriaLiberada.cpp)...executed.

 (./valgrind.out.pyg [3])
runsystem(rm valgrind.out.pyg)...executed.

\openout3 = `valgrind.pyg'.

runsystem(pygmentize -l java -f latex -F tokenmerge  -F gobble:n=0        -P fu
ncnamehighlighting   -P "verboptions= ,baselinestretch=0.85,fontfamily=tt,fonts
ize=\footnotesize ,xleftmargin=0pt,numberblanklines,numbersep=12pt,numbersep=5p
t,frame=none,framerule=0.4pt,framesep=2mm,tabsize=4,obeytabs=false,showspaces=f
alse,showtabs=false" -o valgrind.out.pyg valgrind.pyg)...executed.


(./valgrind.out.pyg)
runsystem(rm valgrind.out.pyg)...executed.

runsystem(rm valgrind.pyg)...executed.

 [4]
runsystem(pygmentize -l java -f latex -F tokenmerge  -F gobble:n=0        -P fu
ncnamehighlighting  -P linenos -P "verboptions= ,fontfamily=tt,baselinestretch=
1,fontsize=\relsize {+0},xleftmargin=130pt,numberblanklines,numbersep=12pt,numb
ersep=5pt,frame=none,framerule=0.4pt,framesep=2mm,tabsize=4,obeytabs=false,same
page=false,showspaces=false,showtabs=false" -o valgrind.out.pyg ./codigo/ejempl
o2.cpp)...executed.

 (./valgrind.out.pyg)
runsystem(rm valgrind.out.pyg)...executed.

\openout3 = `valgrind.pyg'.

runsystem(pygmentize -l java -f latex -F tokenmerge  -F gobble:n=0        -P fu
ncnamehighlighting   -P "verboptions= ,baselinestretch=0.85,fontfamily=tt,fonts
ize=\footnotesize ,xleftmargin=0pt,numberblanklines,numbersep=12pt,numbersep=5p
t,frame=none,framerule=0.4pt,framesep=2mm,tabsize=4,obeytabs=false,showspaces=f
alse,showtabs=false" -o valgrind.out.pyg valgrind.pyg)...executed.

 (./valgrind.out.pyg)
runsystem(rm valgrind.out.pyg)...executed.

runsystem(rm valgrind.pyg)...executed.

runsystem(pygmentize -l java -f latex -F tokenmerge  -F gobble:n=0        -P fu
ncnamehighlighting  -P linenos -P "verboptions= ,fontfamily=tt,baselinestretch=
1,fontsize=\relsize {+0},xleftmargin=130pt,numberblanklines,numbersep=12pt,numb
ersep=5pt,frame=none,framerule=0.4pt,framesep=2mm,tabsize=4,obeytabs=false,same
page=false,showspaces=false,showtabs=false" -o valgrind.out.pyg ./codigo/ejempl
o3.cpp)...executed.


(./valgrind.out.pyg [5])
runsystem(rm valgrind.out.pyg)...executed.

\openout3 = `valgrind.pyg'.

runsystem(pygmentize -l java -f latex -F tokenmerge  -F gobble:n=0        -P fu
ncnamehighlighting   -P "verboptions= ,baselinestretch=0.85,fontfamily=tt,fonts
ize=\footnotesize ,xleftmargin=0pt,numberblanklines,numbersep=12pt,numbersep=5p
t,frame=none,framerule=0.4pt,framesep=2mm,tabsize=4,obeytabs=false,showspaces=f
alse,showtabs=false" -o valgrind.out.pyg valgrind.pyg)...executed.

 (./valgrind.out.pyg)
runsystem(rm valgrind.out.pyg)...executed.

runsystem(rm valgrind.pyg)...executed.

runsystem(pygmentize -l java -f latex -F tokenmerge  -F gobble:n=0        -P fu
ncnamehighlighting  -P linenos -P "verboptions= ,fontfamily=tt,baselinestretch=
1,fontsize=\relsize {+0},xleftmargin=130pt,numberblanklines,numbersep=12pt,numb
ersep=5pt,frame=none,framerule=0.4pt,framesep=2mm,tabsize=4,obeytabs=false,same
page=false,showspaces=false,showtabs=false" -o valgrind.out.pyg ./codigo/ejempl
o4.cpp)...executed.

 (./valgrind.out.pyg [6])
runsystem(rm valgrind.out.pyg)...executed.

\openout3 = `valgrind.pyg'.

runsystem(pygmentize -l java -f latex -F tokenmerge  -F gobble:n=0        -P fu
ncnamehighlighting   -P "verboptions= ,baselinestretch=0.85,fontfamily=tt,fonts
ize=\footnotesize ,xleftmargin=0pt,numberblanklines,numbersep=12pt,numbersep=5p
t,frame=none,framerule=0.4pt,framesep=2mm,tabsize=4,obeytabs=false,showspaces=f
alse,showtabs=false" -o valgrind.out.pyg valgrind.pyg)...executed.


(./valgrind.out.pyg)
runsystem(rm valgrind.out.pyg)...executed.

runsystem(rm valgrind.pyg)...executed.

runsystem(pygmentize -l java -f latex -F tokenmerge  -F gobble:n=0        -P fu
ncnamehighlighting  -P linenos -P "verboptions= ,fontfamily=tt,baselinestretch=
1,fontsize=\relsize {+0},xleftmargin=130pt,numberblanklines,numbersep=12pt,numb
ersep=5pt,frame=none,framerule=0.4pt,framesep=2mm,tabsize=4,obeytabs=false,same
page=false,showspaces=false,showtabs=false" -o valgrind.out.pyg ./codigo/ejempl
o5.cpp)...executed.

 (./valgrind.out.pyg)
runsystem(rm valgrind.out.pyg)...executed.

\openout3 = `valgrind.pyg'.

runsystem(pygmentize -l java -f latex -F tokenmerge  -F gobble:n=0        -P fu
ncnamehighlighting   -P "verboptions= ,baselinestretch=0.85,fontfamily=tt,fonts
ize=\footnotesize ,xleftmargin=0pt,numberblanklines,numbersep=12pt,numbersep=5p
t,frame=none,framerule=0.4pt,framesep=2mm,tabsize=4,obeytabs=false,showspaces=f
alse,showtabs=false" -o valgrind.out.pyg valgrind.pyg)...executed.

 (./valgrind.out.pyg)
runsystem(rm valgrind.out.pyg)...executed.

runsystem(rm valgrind.pyg)...executed.

 [7]
<kcachegrind1.png, id=35, 846.16125pt x 630.10406pt>
File: kcachegrind1.png Graphic file (type png)
 <use kcachegrind1.png>
Package pdftex.def Info: kcachegrind1.png used on input line 518.
(pdftex.def)             Requested size: 338.45851pt x 252.03716pt.

[8] <kcachegrind2.png, id=40, 961.34157pt x 630.10406pt>
File: kcachegrind2.png Graphic file (type png)

<use kcachegrind2.png>
Package pdftex.def Info: kcachegrind2.png used on input line 528.
(pdftex.def)             Requested size: 384.52982pt x 252.03716pt.
 [9 <./kcachegrind1.png> <./kcachegrind2.png>]
(./valgrind.aux) ) 
Here is how much of TeX's memory you used:
 8590 strings out of 493307
 117529 string characters out of 6139904
 243539 words of memory out of 5000000
 11846 multiletter control sequences out of 15000+600000
 12154 words of font info for 47 fonts, out of 8000000 for 9000
 957 hyphenation exceptions out of 8191
 37i,10n,37p,1362b,678s stack positions out of 5000i,500n,10000p,200000b,80000s
</usr/share/texlive/texmf-dist/fonts/type1/public/amsfonts/cm
/cmbx10.pfb></usr/share/texlive/texmf-dist/fonts/type1/public/amsfonts/cm/cmbx1
2.pfb></usr/share/texlive/texmf-dist/fonts/type1/public/amsfonts/cm/cmitt10.pfb
></usr/share/texlive/texmf-dist/fonts/type1/public/amsfonts/cm/cmr10.pfb></usr/
share/texlive/texmf-dist/fonts/type1/public/amsfonts/cm/cmr12.pfb></usr/share/t
exlive/texmf-dist/fonts/type1/public/amsfonts/cm/cmr17.pfb></usr/share/texlive/
texmf-dist/fonts/type1/public/amsfonts/cm/cmr6.pfb></usr/share/texlive/texmf-di
st/fonts/type1/public/amsfonts/cm/cmsy10.pfb></usr/share/texlive/texmf-dist/fon
ts/type1/public/amsfonts/cm/cmtt10.pfb></usr/share/texlive/texmf-dist/fonts/typ
e1/public/amsfonts/cm/cmtt9.pfb>
Output written on valgrind.pdf (9 pages, 602669 bytes).
PDF statistics:
 79 PDF objects out of 1000 (max. 8388607)
 53 compressed objects within 1 object stream
 0 named destinations out of 1000 (max. 500000)
 11 words of extra memory for PDF output out of 10000 (max. 10000000)

